<?xml version="1.0" encoding="UTF-8"?>
<!-- Generated by org.testng.reporters.JUnitReportReporter -->
<testsuite hostname="LAPTOP-H5SJJ684" failures="0" tests="1" name="seleniumProjectByQT.demo" time="1.884" errors="0" timestamp="2025-03-24T22:29:06 IST" skipped="0">
  <testcase classname="seleniumProjectByQT.demo" name="login" time="1.884"/>
</testsuite> <!-- seleniumProjectByQT.demo -->
