<?xml version="1.0" encoding="UTF-8"?>
<!-- Generated by org.testng.reporters.JUnitReportReporter -->
<testsuite hostname="LAPTOP-H5SJJ684" failures="0" tests="1" name="com.internetherokuapp.tests.ABTests" time="0.076" errors="0" timestamp="2025-05-26T19:48:56 IST" skipped="0">
  <testcase classname="com.internetherokuapp.tests.ABTests" name="verifyEleSeleniumBtnIsPres" time="0.076">
    <system-out>
      <![CDATA[Element Selenium Button is Present]]>
    </system-out>
  </testcase> <!-- verifyEleSeleniumBtnIsPres -->
  <system-out>
    <![CDATA[Element Selenium Button is Present]]>
  </system-out>
</testsuite> <!-- com.internetherokuapp.tests.ABTests -->
