<?xml version="1.0" encoding="UTF-8"?>
<!-- Generated by org.testng.reporters.JUnitReportReporter -->
<testsuite hostname="LAPTOP-H5SJJ684" failures="0" tests="1" name="com.internetherokuapp.tests.ABTests" time="0.462" errors="0" timestamp="2025-03-26T00:38:16 IST" skipped="0">
  <testcase classname="com.internetherokuapp.tests.ABTests" name="test1" time="0.462"/>
</testsuite> <!-- com.internetherokuapp.tests.ABTests -->
