<?xml version="1.0" encoding="UTF-8"?>
<!-- Generated by org.testng.reporters.JUnitReportReporter -->
<testsuite hostname="LAPTOP-H5SJJ684" failures="0" tests="4" name="com.internetherokuapp.tests.ABTests" time="0.124" errors="0" timestamp="2025-04-05T00:41:39 IST" skipped="0">
  <testcase classname="com.internetherokuapp.tests.ABTests" name="verifyEleSeleniumBtnIsPres" time="0.026">
    <system-out>
      <![CDATA[Element Selenium Button is Present]]>
    </system-out>
  </testcase> <!-- verifyEleSeleniumBtnIsPres -->
  <testcase classname="com.internetherokuapp.tests.ABTests" name="verifyParaEndsWith" time="0.018">
    <system-out>
      <![CDATA[Paragraph has the particular text]]>
    </system-out>
  </testcase> <!-- verifyParaEndsWith -->
  <testcase classname="com.internetherokuapp.tests.ABTests" name="validateHeader" time="0.062"/>
  <testcase classname="com.internetherokuapp.tests.ABTests" name="verifyParaStartsWithText" time="0.018"/>
  <system-out>
    <![CDATA[Element Selenium Button is Present
Paragraph has the particular text]]>
  </system-out>
</testsuite> <!-- com.internetherokuapp.tests.ABTests -->
