<?xml version="1.0" encoding="UTF-8"?>
<!-- Generated by org.testng.reporters.JUnitReportReporter -->
<testsuite hostname="LAPTOP-H5SJJ684" failures="0" tests="4" name="com.internetherokuapp.tests.ABTests" time="0.173" errors="0" timestamp="2025-04-16T10:53:26 IST" skipped="0">
  <testcase classname="com.internetherokuapp.tests.ABTests" name="validateHeader" time="0.083"/>
  <testcase classname="com.internetherokuapp.tests.ABTests" name="verifyParaStartsWithText" time="0.031"/>
  <testcase classname="com.internetherokuapp.tests.ABTests" name="verifyParaEndsWith" time="0.023">
    <system-out>
      <![CDATA[Paragraph has the particular text]]>
    </system-out>
  </testcase> <!-- verifyParaEndsWith -->
  <testcase classname="com.internetherokuapp.tests.ABTests" name="verifyEleSeleniumBtnIsPres" time="0.036">
    <system-out>
      <![CDATA[Element Selenium Button is Present]]>
    </system-out>
  </testcase> <!-- verifyEleSeleniumBtnIsPres -->
  <system-out>
    <![CDATA[Element Selenium Button is Present
Paragraph has the particular text]]>
  </system-out>
</testsuite> <!-- com.internetherokuapp.tests.ABTests -->
