<?xml version="1.0" encoding="UTF-8"?>
<!-- Generated by org.testng.reporters.JUnitReportReporter -->
<testsuite hostname="LAPTOP-H5SJJ684" failures="0" tests="2" name="com.internetherokuapp.tests.AorremoveTests" time="0.131" errors="0" timestamp="2025-04-10T18:36:57 IST" skipped="0">
  <testcase classname="com.internetherokuapp.tests.AorremoveTests" name="clickOnAddEle" time="0.095"/>
  <testcase classname="com.internetherokuapp.tests.AorremoveTests" name="validateDeleteisDisplayed" time="0.036"/>
</testsuite> <!-- com.internetherokuapp.tests.AorremoveTests -->
